<?xml version="1.0" encoding="UTF-8" ?>
<testsuite failures="0" time="0.016" errors="0" skipped="0" tests="6" name="com.bartley.tenpinbowling.scorecard.ScoreCardImplTest">
  <properties>
[...]
</properties>
  <testcase time="0" classname="com.bartley.tenpinbowling.scorecard.ScoreCardImplTest" name="processNonFrame102ndRollSpareTest"/>
  <testcase time="0" classname="com.bartley.tenpinbowling.scorecard.ScoreCardImplTest" name="testStrikeWithStrike1framesLater"/>
  <testcase time="0" classname="com.bartley.tenpinbowling.scorecard.ScoreCardImplTest" name="testStrikeWithStrike2framesLater"/>
  <testcase time="0" classname="com.bartley.tenpinbowling.scorecard.ScoreCardImplTest" name="processFrame102ndRollSpareTest"/>
  <testcase time="0.008" classname="com.bartley.tenpinbowling.scorecard.ScoreCardImplTest" name="processMaxScoreTest"/>
  <testcase time="0.008" classname="com.bartley.tenpinbowling.scorecard.ScoreCardImplTest" name="processMaxScoreTest10thFrame"/>
</testsuite>